2024-02-25 16:13:09.446 DEBUG patcher - fetch_release_number: getting release number from /last-known-good-versions-with-downloads.json
2024-02-25 16:13:10.476 DEBUG patcher - fetch_package: downloading from https://storage.googleapis.com/chrome-for-testing-public/122.0.6261.69/win32/chromedriver-win32.zip
2024-02-25 16:13:13.517 DEBUG patcher - unzip_package: unzipping C:\Users\Administrator\AppData\Local\Temp\tmpxo_96m9i
2024-02-25 16:13:13.929 INFO patcher - patch_exe: patching driver executable C:\Users\Administrator\appdata\roaming\undetected_chromedriver\undetected_chromedriver.exe
2024-02-25 16:13:15.168 DEBUG patcher - patch_exe: found block:
b'{window.cdc_adoQpoasnfa76pfcZLmcfl_Array = window.Array;window.cdc_adoQpoasnfa76pfcZLmcfl_Object = window.Object;window.cdc_adoQpoasnfa76pfcZLmcfl_Promise = window.Promise;window.cdc_adoQpoasnfa76pfcZLmcfl_Proxy = window.Proxy;window.cdc_adoQpoasnfa76pfcZLmcfl_Symbol = window.Symbol;window.cdc_adoQpoasnfa76pfcZLmcfl_JSON = window.JSON;}'
replacing with:
b'{console.log("undetected chromedriver 1337!")}                                                                                                                                                                                                                                                                                                    '
2024-02-25 16:13:15.188 DEBUG patcher - patch_exe: patching took us 1.26 seconds
2024-02-25 16:13:15.862 DEBUG service - _start_process: Started executable: `C:\Users\Administrator\appdata\roaming\undetected_chromedriver\undetected_chromedriver.exe` in a child process with pid: 13516 using 0 to output -3
2024-02-25 16:13:16.967 DEBUG remote_connection - execute: POST http://localhost:55118/session {'capabilities': {'firstMatch': [{}], 'alwaysMatch': {'browserName': 'chrome', 'pageLoadStrategy': <PageLoadStrategy.normal: 'normal'>, 'goog:chromeOptions': {'extensions': [], 'binary': 'C:\\Program Files\\Google\\Chrome\\Application\\chrome.exe', 'args': ['--window-size=1920,1080', '--no-sandbox', '--remote-debugging-host=127.0.0.1', '--remote-debugging-port=55117', '--user-data-dir=C:\\Users\\Administrator\\AppData\\Local\\Temp\\tmp_vgnjaig', '--lang=en-US', '--no-default-browser-check', '--no-first-run', '--no-sandbox', '--test-type', '--window-size=1920,1080', '--start-maximized', '--no-sandbox', '--log-level=0'], 'debuggerAddress': '127.0.0.1:55117'}}}}
2024-02-25 16:13:17.079 DEBUG connectionpool - _new_conn: Starting new HTTP connection (1): localhost:55118
2024-02-25 16:13:18.414 DEBUG connectionpool - _make_request: http://localhost:55118 "POST /session HTTP/1.1" 200 0
2024-02-25 16:13:18.414 DEBUG remote_connection - _request: Remote response: status=200 | data={"value":{"capabilities":{"acceptInsecureCerts":false,"browserName":"chrome","browserVersion":"122.0.6261.70","chrome":{"chromedriverVersion":"122.0.6261.69 (81bc525b6a36d91ed7fe98a4b53c6f53c79adbb2-refs/branch-heads/6261_57@{#3})"},"fedcm:accounts":true,"goog:chromeOptions":{"debuggerAddress":"127.0.0.1:55117"},"pageLoadStrategy":"normal","platformName":"","proxy":{},"setWindowRect":false,"strictFileInteractability":false,"timeouts":{"implicit":0,"pageLoad":300000,"script":30000},"unhandledPromptBehavior":"dismiss and notify","webauthn:extension:credBlob":true,"webauthn:extension:largeBlob":true,"webauthn:extension:minPinLength":true,"webauthn:extension:prf":true,"webauthn:virtualAuthenticators":true},"sessionId":"8a36b8df87caed2662ed953ac6cbc873"}} | headers=HTTPHeaderDict({'Content-Length': '760', 'Content-Type': 'application/json; charset=utf-8', 'cache-control': 'no-cache'})
2024-02-25 16:13:18.414 DEBUG remote_connection - _request: Finished Request
2024-02-25 16:13:18.680 DEBUG remote_connection - execute: POST http://localhost:55118/session/8a36b8df87caed2662ed953ac6cbc873/window/maximize {}
2024-02-25 16:13:18.944 DEBUG connectionpool - _make_request: http://localhost:55118 "POST /session/8a36b8df87caed2662ed953ac6cbc873/window/maximize HTTP/1.1" 200 0
2024-02-25 16:13:18.944 DEBUG remote_connection - _request: Remote response: status=200 | data={"value":{"height":754,"width":1040,"x":-8,"y":-8}} | headers=HTTPHeaderDict({'Content-Length': '51', 'Content-Type': 'application/json; charset=utf-8', 'cache-control': 'no-cache'})
2024-02-25 16:13:18.945 DEBUG remote_connection - _request: Finished Request
2024-02-25 16:13:18.945 DEBUG remote_connection - execute: POST http://localhost:55118/session/8a36b8df87caed2662ed953ac6cbc873/url {'url': 'https://www.electrical.com/Products/Active-Harmonic-Filter'}
2024-02-25 16:13:27.616 DEBUG connectionpool - _make_request: http://localhost:55118 "POST /session/8a36b8df87caed2662ed953ac6cbc873/url HTTP/1.1" 200 0
2024-02-25 16:13:27.617 DEBUG remote_connection - _request: Remote response: status=200 | data={"value":null} | headers=HTTPHeaderDict({'Content-Length': '14', 'Content-Type': 'application/json; charset=utf-8', 'cache-control': 'no-cache'})
2024-02-25 16:13:27.617 DEBUG remote_connection - _request: Finished Request
2024-02-25 16:13:58.742 DEBUG patcher - fetch_release_number: getting release number from /last-known-good-versions-with-downloads.json
2024-02-25 16:13:59.435 DEBUG patcher - fetch_package: downloading from https://storage.googleapis.com/chrome-for-testing-public/122.0.6261.69/win32/chromedriver-win32.zip
2024-02-25 16:14:02.131 DEBUG patcher - unzip_package: unzipping C:\Users\Administrator\AppData\Local\Temp\tmp87tzrzy0
2024-02-25 16:14:02.345 INFO patcher - patch_exe: patching driver executable C:\Users\Administrator\appdata\roaming\undetected_chromedriver\undetected_chromedriver.exe
2024-02-25 16:14:02.512 DEBUG patcher - patch_exe: found block:
b'{window.cdc_adoQpoasnfa76pfcZLmcfl_Array = window.Array;window.cdc_adoQpoasnfa76pfcZLmcfl_Object = window.Object;window.cdc_adoQpoasnfa76pfcZLmcfl_Promise = window.Promise;window.cdc_adoQpoasnfa76pfcZLmcfl_Proxy = window.Proxy;window.cdc_adoQpoasnfa76pfcZLmcfl_Symbol = window.Symbol;window.cdc_adoQpoasnfa76pfcZLmcfl_JSON = window.JSON;}'
replacing with:
b'{console.log("undetected chromedriver 1337!")}                                                                                                                                                                                                                                                                                                    '
2024-02-25 16:14:02.521 DEBUG patcher - patch_exe: patching took us 0.18 seconds
2024-02-25 16:14:03.363 DEBUG service - _start_process: Started executable: `C:\Users\Administrator\appdata\roaming\undetected_chromedriver\undetected_chromedriver.exe` in a child process with pid: 13540 using 0 to output -3
2024-02-25 16:14:03.867 DEBUG remote_connection - execute: POST http://localhost:55191/session {'capabilities': {'firstMatch': [{}], 'alwaysMatch': {'browserName': 'chrome', 'pageLoadStrategy': <PageLoadStrategy.normal: 'normal'>, 'goog:chromeOptions': {'extensions': [], 'binary': 'C:\\Program Files\\Google\\Chrome\\Application\\chrome.exe', 'args': ['--window-size=1920,1080', '--no-sandbox', '--remote-debugging-host=127.0.0.1', '--remote-debugging-port=55190', '--user-data-dir=C:\\Users\\Administrator\\AppData\\Local\\Temp\\tmpyk2_5uc3', '--lang=en-US', '--no-default-browser-check', '--no-first-run', '--no-sandbox', '--test-type', '--window-size=1920,1080', '--start-maximized', '--no-sandbox', '--log-level=0'], 'debuggerAddress': '127.0.0.1:55190'}}}}
2024-02-25 16:14:03.869 DEBUG connectionpool - _new_conn: Starting new HTTP connection (1): localhost:55191
2024-02-25 16:14:04.963 DEBUG connectionpool - _make_request: http://localhost:55191 "POST /session HTTP/1.1" 200 0
2024-02-25 16:14:04.963 DEBUG remote_connection - _request: Remote response: status=200 | data={"value":{"capabilities":{"acceptInsecureCerts":false,"browserName":"chrome","browserVersion":"122.0.6261.70","chrome":{"chromedriverVersion":"122.0.6261.69 (81bc525b6a36d91ed7fe98a4b53c6f53c79adbb2-refs/branch-heads/6261_57@{#3})"},"fedcm:accounts":true,"goog:chromeOptions":{"debuggerAddress":"127.0.0.1:55190"},"pageLoadStrategy":"normal","platformName":"","proxy":{},"setWindowRect":false,"strictFileInteractability":false,"timeouts":{"implicit":0,"pageLoad":300000,"script":30000},"unhandledPromptBehavior":"dismiss and notify","webauthn:extension:credBlob":true,"webauthn:extension:largeBlob":true,"webauthn:extension:minPinLength":true,"webauthn:extension:prf":true,"webauthn:virtualAuthenticators":true},"sessionId":"0679667473ac6a9848723a9b610ce5eb"}} | headers=HTTPHeaderDict({'Content-Length': '760', 'Content-Type': 'application/json; charset=utf-8', 'cache-control': 'no-cache'})
2024-02-25 16:14:04.963 DEBUG remote_connection - _request: Finished Request
2024-02-25 16:14:04.964 DEBUG remote_connection - execute: POST http://localhost:55191/session/0679667473ac6a9848723a9b610ce5eb/window/maximize {}
2024-02-25 16:14:05.338 DEBUG connectionpool - _make_request: http://localhost:55191 "POST /session/0679667473ac6a9848723a9b610ce5eb/window/maximize HTTP/1.1" 200 0
2024-02-25 16:14:05.339 DEBUG remote_connection - _request: Remote response: status=200 | data={"value":{"height":754,"width":1040,"x":-8,"y":-8}} | headers=HTTPHeaderDict({'Content-Length': '51', 'Content-Type': 'application/json; charset=utf-8', 'cache-control': 'no-cache'})
2024-02-25 16:14:05.339 DEBUG remote_connection - _request: Finished Request
2024-02-25 16:14:05.339 DEBUG remote_connection - execute: POST http://localhost:55191/session/0679667473ac6a9848723a9b610ce5eb/url {'url': 'https://www.electrical.com/Products/Active-Harmonic-Filter'}
2024-02-25 16:14:08.379 DEBUG connectionpool - _make_request: http://localhost:55191 "POST /session/0679667473ac6a9848723a9b610ce5eb/url HTTP/1.1" 200 0
2024-02-25 16:14:08.379 DEBUG remote_connection - _request: Remote response: status=200 | data={"value":null} | headers=HTTPHeaderDict({'Content-Length': '14', 'Content-Type': 'application/json; charset=utf-8', 'cache-control': 'no-cache'})
2024-02-25 16:14:08.379 DEBUG remote_connection - _request: Finished Request
2024-02-25 16:31:08.091 DEBUG patcher - fetch_release_number: getting release number from /last-known-good-versions-with-downloads.json
2024-02-25 16:31:08.734 DEBUG patcher - fetch_package: downloading from https://storage.googleapis.com/chrome-for-testing-public/122.0.6261.69/win32/chromedriver-win32.zip
2024-02-25 16:31:11.988 DEBUG patcher - unzip_package: unzipping C:\Users\Administrator\AppData\Local\Temp\tmp6nprvner
2024-02-25 16:31:12.248 INFO patcher - patch_exe: patching driver executable C:\Users\Administrator\appdata\roaming\undetected_chromedriver\undetected_chromedriver.exe
2024-02-25 16:31:13.131 DEBUG patcher - patch_exe: found block:
b'{window.cdc_adoQpoasnfa76pfcZLmcfl_Array = window.Array;window.cdc_adoQpoasnfa76pfcZLmcfl_Object = window.Object;window.cdc_adoQpoasnfa76pfcZLmcfl_Promise = window.Promise;window.cdc_adoQpoasnfa76pfcZLmcfl_Proxy = window.Proxy;window.cdc_adoQpoasnfa76pfcZLmcfl_Symbol = window.Symbol;window.cdc_adoQpoasnfa76pfcZLmcfl_JSON = window.JSON;}'
replacing with:
b'{console.log("undetected chromedriver 1337!")}                                                                                                                                                                                                                                                                                                    '
2024-02-25 16:31:13.145 DEBUG patcher - patch_exe: patching took us 0.90 seconds
2024-02-25 16:31:13.888 DEBUG service - _start_process: Started executable: `C:\Users\Administrator\appdata\roaming\undetected_chromedriver\undetected_chromedriver.exe` in a child process with pid: 11564 using 0 to output -3
2024-02-25 16:31:14.897 DEBUG remote_connection - execute: POST http://localhost:55980/session {'capabilities': {'firstMatch': [{}], 'alwaysMatch': {'browserName': 'chrome', 'pageLoadStrategy': <PageLoadStrategy.normal: 'normal'>, 'goog:chromeOptions': {'extensions': [], 'binary': 'C:\\Program Files\\Google\\Chrome\\Application\\chrome.exe', 'args': ['--window-size=1920,1080', '--no-sandbox', '--remote-debugging-host=127.0.0.1', '--remote-debugging-port=55979', '--user-data-dir=C:\\Users\\Administrator\\AppData\\Local\\Temp\\tmpfa_uxi_8', '--lang=en-US', '--no-default-browser-check', '--no-first-run', '--no-sandbox', '--test-type', '--window-size=1920,1080', '--start-maximized', '--no-sandbox', '--log-level=0'], 'debuggerAddress': '127.0.0.1:55979'}}}}
2024-02-25 16:31:14.899 DEBUG connectionpool - _new_conn: Starting new HTTP connection (1): localhost:55980
2024-02-25 16:31:16.621 DEBUG connectionpool - _make_request: http://localhost:55980 "POST /session HTTP/1.1" 200 0
2024-02-25 16:31:16.622 DEBUG remote_connection - _request: Remote response: status=200 | data={"value":{"capabilities":{"acceptInsecureCerts":false,"browserName":"chrome","browserVersion":"122.0.6261.70","chrome":{"chromedriverVersion":"122.0.6261.69 (81bc525b6a36d91ed7fe98a4b53c6f53c79adbb2-refs/branch-heads/6261_57@{#3})"},"fedcm:accounts":true,"goog:chromeOptions":{"debuggerAddress":"127.0.0.1:55979"},"pageLoadStrategy":"normal","platformName":"","proxy":{},"setWindowRect":false,"strictFileInteractability":false,"timeouts":{"implicit":0,"pageLoad":300000,"script":30000},"unhandledPromptBehavior":"dismiss and notify","webauthn:extension:credBlob":true,"webauthn:extension:largeBlob":true,"webauthn:extension:minPinLength":true,"webauthn:extension:prf":true,"webauthn:virtualAuthenticators":true},"sessionId":"a85ca882d334818f8cb396565fa0a57c"}} | headers=HTTPHeaderDict({'Content-Length': '760', 'Content-Type': 'application/json; charset=utf-8', 'cache-control': 'no-cache'})
2024-02-25 16:31:16.622 DEBUG remote_connection - _request: Finished Request
2024-02-25 16:31:16.623 DEBUG remote_connection - execute: POST http://localhost:55980/session/a85ca882d334818f8cb396565fa0a57c/window/maximize {}
2024-02-25 16:31:16.951 DEBUG connectionpool - _make_request: http://localhost:55980 "POST /session/a85ca882d334818f8cb396565fa0a57c/window/maximize HTTP/1.1" 200 0
2024-02-25 16:31:16.952 DEBUG remote_connection - _request: Remote response: status=200 | data={"value":{"height":754,"width":1040,"x":-8,"y":-8}} | headers=HTTPHeaderDict({'Content-Length': '51', 'Content-Type': 'application/json; charset=utf-8', 'cache-control': 'no-cache'})
2024-02-25 16:31:16.952 DEBUG remote_connection - _request: Finished Request
2024-02-25 16:31:16.953 DEBUG remote_connection - execute: POST http://localhost:55980/session/a85ca882d334818f8cb396565fa0a57c/url {'url': 'https://www.electrical.com/Products/Active-Harmonic-Filter'}
2024-02-25 16:32:12.361 DEBUG connectionpool - _make_request: http://localhost:55980 "POST /session/a85ca882d334818f8cb396565fa0a57c/url HTTP/1.1" 200 0
2024-02-25 16:32:12.361 DEBUG remote_connection - _request: Remote response: status=200 | data={"value":null} | headers=HTTPHeaderDict({'Content-Length': '14', 'Content-Type': 'application/json; charset=utf-8', 'cache-control': 'no-cache'})
2024-02-25 16:32:12.361 DEBUG remote_connection - _request: Finished Request
